# JRE version: Java(TM) SE Runtime Environment (21.0.4+8) (build 21.0.4+8-LTS-274)
# Java VM: Java HotSpot(TM) 64-Bit Server VM (21.0.4+8-LTS-274, mixed mode, emulated-client, sharing, tiered, compressed oops, compressed class ptrs, g1 gc, windows-amd64)
GC Precious Log:
 CardTable entry size: 512
 Card Set container configuration: InlinePtr #cards 5 size 8 Array Of Cards #cards 12 size 40 Howl #buckets 4 coarsen threshold 1843 Howl Bitmap #cards 512 size 80 coarsen threshold 460 Card regions per heap region 1 cards per card region 2048
 CPUs: 8 total, 8 available
 Memory: 6030M
 Large Page Support: Disabled
 NUMA Support: Disabled
 Compressed Oops: Enabled (32-bit)
 Heap Region Size: 1M
 Heap Min Capacity: 8M
 Heap Initial Capacity: 96M
 Heap Max Capacity: 1508M
 Pre-touch: Disabled
 Parallel Workers: 8
 Concurrent Workers: 2
 Concurrent Refinement Workers: 8
 Periodic GC: Disabled
Heap:
 garbage-first heap   total 70656K, used 31725K [0x00000000a1c00000, 0x0000000100000000)
  region size 1024K, 10 young (10240K), 3 survivors (3072K)
 Metaspace       used 49182K, committed 49600K, reserved 1114112K
  class space    used 6659K, committed 6848K, reserved 1048576K
GC Heap History (20 events):
Event: 1.248 GC heap before
{Heap before GC invocations=1 (full 0):
 garbage-first heap   total 98304K, used 33292K [0x00000000a1c00000, 0x0000000100000000)
  region size 1024K, 29 young (29696K), 3 survivors (3072K)
 Metaspace       used 12293K, committed 12544K, reserved 1114112K
  class space    used 1778K, committed 1920K, reserved 1048576K
}
Event: 1.255 GC heap after
{Heap after GC invocations=2 (full 0):
 garbage-first heap   total 98304K, used 9898K [0x00000000a1c00000, 0x0000000100000000)
  region size 1024K, 2 young (2048K), 2 survivors (2048K)
 Metaspace       used 12293K, committed 12544K, reserved 1114112K
  class space    used 1778K, committed 1920K, reserved 1048576K
}
Event: 1.965 GC heap before
{Heap before GC invocations=2 (full 0):
 garbage-first heap   total 98304K, used 55978K [0x00000000a1c00000, 0x0000000100000000)
  region size 1024K, 49 young (50176K), 2 survivors (2048K)
 Metaspace       used 20863K, committed 21120K, reserved 1114112K
  class space    used 2863K, committed 3008K, reserved 1048576K
}
Event: 1.973 GC heap after
{Heap after GC invocations=3 (full 0):
 garbage-first heap   total 98304K, used 12827K [0x00000000a1c00000, 0x0000000100000000)
  region size 1024K, 5 young (5120K), 5 survivors (5120K)
 Metaspace       used 20863K, committed 21120K, reserved 1114112K
  class space    used 2863K, committed 3008K, reserved 1048576K
}
Event: 2.402 GC heap before
{Heap before GC invocations=4 (full 0):
 garbage-first heap   total 48128K, used 36379K [0x00000000a1c00000, 0x0000000100000000)
  region size 1024K, 28 young (28672K), 5 survivors (5120K)
 Metaspace       used 25016K, committed 25280K, reserved 1114112K
  class space    used 3478K, committed 3584K, reserved 1048576K
}
Event: 2.415 GC heap after
{Heap after GC invocations=5 (full 0):
 garbage-first heap   total 48128K, used 15084K [0x00000000a1c00000, 0x0000000100000000)
  region size 1024K, 3 young (3072K), 3 survivors (3072K)
 Metaspace       used 25016K, committed 25280K, reserved 1114112K
  class space    used 3478K, committed 3584K, reserved 1048576K
}
Event: 2.741 GC heap before
{Heap before GC invocations=5 (full 0):
 garbage-first heap   total 48128K, used 35564K [0x00000000a1c00000, 0x0000000100000000)
  region size 1024K, 23 young (23552K), 3 survivors (3072K)
 Metaspace       used 28114K, committed 28416K, reserved 1114112K
  class space    used 3824K, committed 3968K, reserved 1048576K
}
Event: 2.750 GC heap after
{Heap after GC invocations=6 (full 0):
 garbage-first heap   total 58368K, used 16669K [0x00000000a1c00000, 0x0000000100000000)
  region size 1024K, 2 young (2048K), 2 survivors (2048K)
 Metaspace       used 28114K, committed 28416K, reserved 1114112K
  class space    used 3824K, committed 3968K, reserved 1048576K
}
Event: 3.251 GC heap before
{Heap before GC invocations=6 (full 0):
 garbage-first heap   total 58368K, used 46365K [0x00000000a1c00000, 0x0000000100000000)
  region size 1024K, 31 young (31744K), 2 survivors (2048K)
 Metaspace       used 32848K, committed 33280K, reserved 1114112K
  class space    used 4535K, committed 4736K, reserved 1048576K
}
Event: 3.256 GC heap after
{Heap after GC invocations=7 (full 0):
 garbage-first heap   total 58368K, used 18373K [0x00000000a1c00000, 0x0000000100000000)
  region size 1024K, 4 young (4096K), 4 survivors (4096K)
 Metaspace       used 32848K, committed 33280K, reserved 1114112K
  class space    used 4535K, committed 4736K, reserved 1048576K
}
Event: 3.403 GC heap before
{Heap before GC invocations=7 (full 0):
 garbage-first heap   total 58368K, used 23493K [0x00000000a1c00000, 0x0000000100000000)
  region size 1024K, 11 young (11264K), 4 survivors (4096K)
 Metaspace       used 34911K, committed 35200K, reserved 1114112K
  class space    used 4879K, committed 4992K, reserved 1048576K
}
Event: 3.408 GC heap after
{Heap after GC invocations=8 (full 0):
 garbage-first heap   total 58368K, used 19184K [0x00000000a1c00000, 0x0000000100000000)
  region size 1024K, 3 young (3072K), 3 survivors (3072K)
 Metaspace       used 34911K, committed 35200K, reserved 1114112K
  class space    used 4879K, committed 4992K, reserved 1048576K
}
Event: 4.235 GC heap before
{Heap before GC invocations=9 (full 0):
 garbage-first heap   total 58368K, used 48880K [0x00000000a1c00000, 0x0000000100000000)
  region size 1024K, 32 young (32768K), 3 survivors (3072K)
 Metaspace       used 45152K, committed 45504K, reserved 1114112K
  class space    used 6104K, committed 6272K, reserved 1048576K
}
Event: 4.242 GC heap after
{Heap after GC invocations=10 (full 0):
 garbage-first heap   total 58368K, used 21972K [0x00000000a1c00000, 0x0000000100000000)
  region size 1024K, 4 young (4096K), 4 survivors (4096K)
 Metaspace       used 45152K, committed 45504K, reserved 1114112K
  class space    used 6104K, committed 6272K, reserved 1048576K
}
Event: 4.479 GC heap before
{Heap before GC invocations=10 (full 0):
 garbage-first heap   total 58368K, used 48596K [0x00000000a1c00000, 0x0000000100000000)
  region size 1024K, 30 young (30720K), 4 survivors (4096K)
 Metaspace       used 46136K, committed 46592K, reserved 1114112K
  class space    used 6256K, committed 6464K, reserved 1048576K
}
Event: 4.485 GC heap after
{Heap after GC invocations=11 (full 0):
 garbage-first heap   total 58368K, used 23247K [0x00000000a1c00000, 0x0000000100000000)
  region size 1024K, 2 young (2048K), 2 survivors (2048K)
 Metaspace       used 46136K, committed 46592K, reserved 1114112K
  class space    used 6256K, committed 6464K, reserved 1048576K
}
Event: 4.718 GC heap before
{Heap before GC invocations=11 (full 0):
 garbage-first heap   total 58368K, used 49871K [0x00000000a1c00000, 0x0000000100000000)
  region size 1024K, 28 young (28672K), 2 survivors (2048K)
 Metaspace       used 47395K, committed 47744K, reserved 1114112K
  class space    used 6433K, committed 6592K, reserved 1048576K
}
Event: 4.721 GC heap after
{Heap after GC invocations=12 (full 0):
 garbage-first heap   total 58368K, used 24464K [0x00000000a1c00000, 0x0000000100000000)
  region size 1024K, 3 young (3072K), 3 survivors (3072K)
 Metaspace       used 47395K, committed 47744K, reserved 1114112K
  class space    used 6433K, committed 6592K, reserved 1048576K
}
Event: 4.913 GC heap before
{Heap before GC invocations=12 (full 0):
 garbage-first heap   total 58368K, used 50064K [0x00000000a1c00000, 0x0000000100000000)
  region size 1024K, 28 young (28672K), 3 survivors (3072K)
 Metaspace       used 47910K, committed 48320K, reserved 1114112K
  class space    used 6512K, committed 6720K, reserved 1048576K
}
Event: 4.918 GC heap after
{Heap after GC invocations=13 (full 0):
 garbage-first heap   total 70656K, used 25581K [0x00000000a1c00000, 0x0000000100000000)
  region size 1024K, 3 young (3072K), 3 survivors (3072K)
 Metaspace       used 47910K, committed 48320K, reserved 1114112K
  class space    used 6512K, committed 6720K, reserved 1048576K
}

