# JRE version: Java(TM) SE Runtime Environment (21.0.4+8) (build 21.0.4+8-LTS-274)
# Java VM: Java HotSpot(TM) 64-Bit Server VM (21.0.4+8-LTS-274, mixed mode, sharing, tiered, compressed oops, compressed class ptrs, g1 gc, windows-amd64)
GC Precious Log:
 CardTable entry size: 512
 Card Set container configuration: InlinePtr #cards 5 size 8 Array Of Cards #cards 12 size 40 Howl #buckets 4 coarsen threshold 1843 Howl Bitmap #cards 512 size 80 coarsen threshold 460 Card regions per heap region 1 cards per card region 2048
 CPUs: 8 total, 8 available
 Memory: 6030M
 Large Page Support: Disabled
 NUMA Support: Disabled
 Compressed Oops: Enabled (32-bit)
 Heap Region Size: 1M
 Heap Min Capacity: 8M
 Heap Initial Capacity: 96M
 Heap Max Capacity: 1508M
 Pre-touch: Disabled
 Parallel Workers: 8
 Concurrent Workers: 2
 Concurrent Refinement Workers: 8
 Periodic GC: Disabled
Heap:
 garbage-first heap   total 109568K, used 64545K [0x00000000a1c00000, 0x0000000100000000)
  region size 1024K, 5 young (5120K), 3 survivors (3072K)
 Metaspace       used 33266K, committed 33792K, reserved 1114112K
  class space    used 3781K, committed 4032K, reserved 1048576K
GC Heap History (18 events):
Event: 0.839 GC heap before
{Heap before GC invocations=0 (full 0):
 garbage-first heap   total 98304K, used 23552K [0x00000000a1c00000, 0x0000000100000000)
  region size 1024K, 23 young (23552K), 0 survivors (0K)
 Metaspace       used 5701K, committed 5888K, reserved 1114112K
  class space    used 672K, committed 768K, reserved 1048576K
}
Event: 0.848 GC heap after
{Heap after GC invocations=1 (full 0):
 garbage-first heap   total 98304K, used 3856K [0x00000000a1c00000, 0x0000000100000000)
  region size 1024K, 3 young (3072K), 3 survivors (3072K)
 Metaspace       used 5701K, committed 5888K, reserved 1114112K
  class space    used 672K, committed 768K, reserved 1048576K
}
Event: 1.753 GC heap before
{Heap before GC invocations=1 (full 0):
 garbage-first heap   total 98304K, used 35600K [0x00000000a1c00000, 0x0000000100000000)
  region size 1024K, 34 young (34816K), 3 survivors (3072K)
 Metaspace       used 10368K, committed 10560K, reserved 1114112K
  class space    used 1242K, committed 1344K, reserved 1048576K
}
Event: 1.763 GC heap after
{Heap after GC invocations=2 (full 0):
 garbage-first heap   total 98304K, used 5622K [0x00000000a1c00000, 0x0000000100000000)
  region size 1024K, 2 young (2048K), 2 survivors (2048K)
 Metaspace       used 10368K, committed 10560K, reserved 1114112K
  class space    used 1242K, committed 1344K, reserved 1048576K
}
Event: 3.633 GC heap before
{Heap before GC invocations=2 (full 0):
 garbage-first heap   total 98304K, used 61942K [0x00000000a1c00000, 0x0000000100000000)
  region size 1024K, 57 young (58368K), 2 survivors (2048K)
 Metaspace       used 15959K, committed 16192K, reserved 1114112K
  class space    used 1879K, committed 1984K, reserved 1048576K
}
Event: 3.650 GC heap after
{Heap after GC invocations=3 (full 0):
 garbage-first heap   total 98304K, used 12234K [0x00000000a1c00000, 0x0000000100000000)
  region size 1024K, 8 young (8192K), 8 survivors (8192K)
 Metaspace       used 15959K, committed 16192K, reserved 1114112K
  class space    used 1879K, committed 1984K, reserved 1048576K
}
Event: 4.956 GC heap before
{Heap before GC invocations=3 (full 0):
 garbage-first heap   total 98304K, used 62410K [0x00000000a1c00000, 0x0000000100000000)
  region size 1024K, 57 young (58368K), 8 survivors (8192K)
 Metaspace       used 17178K, committed 17472K, reserved 1114112K
  class space    used 1989K, committed 2112K, reserved 1048576K
}
Event: 4.982 GC heap after
{Heap after GC invocations=4 (full 0):
 garbage-first heap   total 98304K, used 15360K [0x00000000a1c00000, 0x0000000100000000)
  region size 1024K, 3 young (3072K), 3 survivors (3072K)
 Metaspace       used 17178K, committed 17472K, reserved 1114112K
  class space    used 1989K, committed 2112K, reserved 1048576K
}
Event: 6.371 GC heap before
{Heap before GC invocations=4 (full 0):
 garbage-first heap   total 98304K, used 53248K [0x00000000a1c00000, 0x0000000100000000)
  region size 1024K, 40 young (40960K), 3 survivors (3072K)
 Metaspace       used 21195K, committed 21504K, reserved 1114112K
  class space    used 2465K, committed 2624K, reserved 1048576K
}
Event: 6.379 GC heap after
{Heap after GC invocations=5 (full 0):
 garbage-first heap   total 98304K, used 17163K [0x00000000a1c00000, 0x0000000100000000)
  region size 1024K, 5 young (5120K), 5 survivors (5120K)
 Metaspace       used 21195K, committed 21504K, reserved 1114112K
  class space    used 2465K, committed 2624K, reserved 1048576K
}
Event: 7.620 GC heap before
{Heap before GC invocations=6 (full 0):
 garbage-first heap   total 61440K, used 61195K [0x00000000a1c00000, 0x0000000100000000)
  region size 1024K, 46 young (47104K), 5 survivors (5120K)
 Metaspace       used 26376K, committed 26752K, reserved 1114112K
  class space    used 3021K, committed 3200K, reserved 1048576K
}
Event: 7.659 GC heap after
{Heap after GC invocations=7 (full 0):
 garbage-first heap   total 97280K, used 33280K [0x00000000a1c00000, 0x0000000100000000)
  region size 1024K, 8 young (8192K), 8 survivors (8192K)
 Metaspace       used 26376K, committed 26752K, reserved 1114112K
  class space    used 3021K, committed 3200K, reserved 1048576K
}
Event: 8.769 GC heap before
{Heap before GC invocations=7 (full 0):
 garbage-first heap   total 97280K, used 75264K [0x00000000a1c00000, 0x0000000100000000)
  region size 1024K, 48 young (49152K), 8 survivors (8192K)
 Metaspace       used 28570K, committed 28992K, reserved 1114112K
  class space    used 3278K, committed 3456K, reserved 1048576K
}
Event: 8.779 GC heap after
{Heap after GC invocations=8 (full 0):
 garbage-first heap   total 97280K, used 31232K [0x00000000a1c00000, 0x0000000100000000)
  region size 1024K, 2 young (2048K), 2 survivors (2048K)
 Metaspace       used 28570K, committed 28992K, reserved 1114112K
  class space    used 3278K, committed 3456K, reserved 1048576K
}
Event: 9.788 GC heap before
{Heap before GC invocations=8 (full 0):
 garbage-first heap   total 97280K, used 76288K [0x00000000a1c00000, 0x0000000100000000)
  region size 1024K, 46 young (47104K), 2 survivors (2048K)
 Metaspace       used 31402K, committed 31872K, reserved 1114112K
  class space    used 3586K, committed 3776K, reserved 1048576K
}
Event: 9.800 GC heap after
{Heap after GC invocations=9 (full 0):
 garbage-first heap   total 97280K, used 36812K [0x00000000a1c00000, 0x0000000100000000)
  region size 1024K, 6 young (6144K), 6 survivors (6144K)
 Metaspace       used 31402K, committed 31872K, reserved 1114112K
  class space    used 3586K, committed 3776K, reserved 1048576K
}
Event: 10.749 GC heap before
{Heap before GC invocations=9 (full 0):
 garbage-first heap   total 97280K, used 60364K [0x00000000a1c00000, 0x0000000100000000)
  region size 1024K, 18 young (18432K), 6 survivors (6144K)
 Metaspace       used 33236K, committed 33792K, reserved 1114112K
  class space    used 3779K, committed 4032K, reserved 1048576K
}
Event: 10.757 GC heap after
{Heap after GC invocations=10 (full 0):
 garbage-first heap   total 97280K, used 52257K [0x00000000a1c00000, 0x0000000100000000)
  region size 1024K, 3 young (3072K), 3 survivors (3072K)
 Metaspace       used 33236K, committed 33792K, reserved 1114112K
  class space    used 3779K, committed 4032K, reserved 1048576K
}

